This file contains any messages produced by compilers while
running configure, to aid debugging if configure makes a mistake.

It was created by PR configure 0.0.1, which was
generated by GNU Autoconf 2.71.  Invocation command line was

  $ /Users/ly/Desktop/PSCR/git/PSCR-TME/TME4/configure

## --------- ##
## Platform. ##
## --------- ##

hostname = yonglideMacBook-Pro.local
uname -m = x86_64
uname -r = 21.6.0
uname -s = Darwin
uname -v = Darwin Kernel Version 21.6.0: Mon Aug 22 20:17:10 PDT 2022; root:xnu-8020.140.49~2/RELEASE_X86_64

/usr/bin/uname -p = i386
/bin/uname -X     = unknown

/bin/arch              = unknown
/usr/bin/arch -k       = unknown
/usr/convex/getsysinfo = unknown
/usr/bin/hostinfo      = Mach kernel version:
	 Darwin Kernel Version 21.6.0: Mon Aug 22 20:17:10 PDT 2022; root:xnu-8020.140.49~2/RELEASE_X86_64
Kernel configured for up to 16 processors.
8 processors are physically available.
16 processors are logically available.
Processor type: x86_64h (Intel x86-64h Haswell)
Processors active: 0 1 2 3 4 5 6 7 8 9 10 11 12 13 14 15
Primary memory available: 16.00 gigabytes
Default processor set: 593 tasks, 2520 threads, 16 processors
Load average: 7.10, Mach factor: 9.01
/bin/machine           = unknown
/usr/bin/oslevel       = unknown
/bin/universe          = unknown

PATH: /usr/local/bin/
PATH: /usr/bin/
PATH: /bin/
PATH: /usr/sbin/
PATH: /sbin/
PATH: /Library/Apple/usr/bin/
PATH: /Applications/CLion.app/Contents/bin/ninja/mac/


## ----------- ##
## Core tests. ##
## ----------- ##

configure:2363: looking for aux files: compile missing install-sh
configure:2376:  trying /Users/ly/Desktop/PSCR/git/PSCR-TME/TME4/
configure:2405:   /Users/ly/Desktop/PSCR/git/PSCR-TME/TME4/compile found
configure:2405:   /Users/ly/Desktop/PSCR/git/PSCR-TME/TME4/missing found
configure:2387:   /Users/ly/Desktop/PSCR/git/PSCR-TME/TME4/install-sh found
configure:2536: checking for a BSD-compatible install
configure:2609: result: /usr/bin/install -c
configure:2620: checking whether build environment is sane
configure:2675: result: yes
configure:2834: checking for a race-free mkdir -p
configure:2878: result: /Users/ly/Desktop/PSCR/git/PSCR-TME/TME4/install-sh -c -d
configure:2885: checking for gawk
configure:2920: result: no
configure:2885: checking for mawk
configure:2920: result: no
configure:2885: checking for nawk
configure:2920: result: no
configure:2885: checking for awk
configure:2906: found /usr/bin/awk
configure:2917: result: awk
configure:2928: checking whether make sets $(MAKE)
configure:2951: result: yes
configure:2981: checking whether make supports nested variables
configure:2999: result: yes
configure:3016: error: source directory already configured; run "make distclean" there first

## ---------------- ##
## Cache variables. ##
## ---------------- ##

ac_cv_env_CCC_set=
ac_cv_env_CCC_value=
ac_cv_env_CC_set=
ac_cv_env_CC_value=
ac_cv_env_CFLAGS_set=
ac_cv_env_CFLAGS_value=
ac_cv_env_CPPFLAGS_set=
ac_cv_env_CPPFLAGS_value=
ac_cv_env_CXXFLAGS_set=
ac_cv_env_CXXFLAGS_value=
ac_cv_env_CXX_set=
ac_cv_env_CXX_value=
ac_cv_env_LDFLAGS_set=
ac_cv_env_LDFLAGS_value=
ac_cv_env_LIBS_set=
ac_cv_env_LIBS_value=
ac_cv_env_build_alias_set=
ac_cv_env_build_alias_value=
ac_cv_env_host_alias_set=
ac_cv_env_host_alias_value=
ac_cv_env_target_alias_set=
ac_cv_env_target_alias_value=
ac_cv_path_install='/usr/bin/install -c'
ac_cv_prog_AWK=awk
ac_cv_prog_make_make_set=yes
am_cv_make_support_nested_variables=yes

## ----------------- ##
## Output variables. ##
## ----------------- ##

ACLOCAL=''
AMDEPBACKSLASH=''
AMDEP_FALSE=''
AMDEP_TRUE=''
AMTAR=''
AM_BACKSLASH='\'
AM_DEFAULT_V='$(AM_DEFAULT_VERBOSITY)'
AM_DEFAULT_VERBOSITY='1'
AM_V='$(V)'
AUTOCONF=''
AUTOHEADER=''
AUTOMAKE=''
AWK='awk'
CC=''
CCDEPMODE=''
CFLAGS=''
CPPFLAGS=''
CSCOPE=''
CTAGS=''
CXX=''
CXXDEPMODE=''
CXXFLAGS=''
CYGPATH_W=''
DEFS=''
DEPDIR=''
ECHO_C='\c'
ECHO_N=''
ECHO_T=''
ETAGS=''
EXEEXT=''
INSTALL_DATA='${INSTALL} -m 644'
INSTALL_PROGRAM='${INSTALL}'
INSTALL_SCRIPT='${INSTALL}'
INSTALL_STRIP_PROGRAM='$(install_sh) -c -s'
LDFLAGS=''
LIBOBJS=''
LIBS=''
LTLIBOBJS=''
MAKEINFO=''
MKDIR_P='/Users/ly/Desktop/PSCR/git/PSCR-TME/TME4/install-sh -c -d'
OBJEXT=''
PACKAGE=''
PACKAGE_BUGREPORT='bugs@bugs.org'
PACKAGE_NAME='PR'
PACKAGE_STRING='PR 0.0.1'
PACKAGE_TARNAME='pr'
PACKAGE_URL=''
PACKAGE_VERSION='0.0.1'
PATH_SEPARATOR=':'
SET_MAKE=''
SHELL='/bin/sh'
STRIP=''
VERSION=''
ac_ct_CC=''
ac_ct_CXX=''
am__EXEEXT_FALSE=''
am__EXEEXT_TRUE=''
am__fastdepCC_FALSE=''
am__fastdepCC_TRUE=''
am__fastdepCXX_FALSE=''
am__fastdepCXX_TRUE=''
am__include=''
am__isrc=' -I$(srcdir)'
am__leading_dot='.'
am__nodep=''
am__quote=''
am__tar=''
am__untar=''
bindir='${exec_prefix}/bin'
build_alias=''
datadir='${datarootdir}'
datarootdir='${prefix}/share'
docdir='${datarootdir}/doc/${PACKAGE_TARNAME}'
dvidir='${docdir}'
exec_prefix='NONE'
host_alias=''
htmldir='${docdir}'
includedir='${prefix}/include'
infodir='${datarootdir}/info'
install_sh='${SHELL} /Users/ly/Desktop/PSCR/git/PSCR-TME/TME4/install-sh'
libdir='${exec_prefix}/lib'
libexecdir='${exec_prefix}/libexec'
localedir='${datarootdir}/locale'
localstatedir='${prefix}/var'
mandir='${datarootdir}/man'
mkdir_p=''
oldincludedir='/usr/include'
pdfdir='${docdir}'
prefix='NONE'
program_transform_name='s,x,x,'
psdir='${docdir}'
runstatedir='${localstatedir}/run'
sbindir='${exec_prefix}/sbin'
sharedstatedir='${prefix}/com'
sysconfdir='${prefix}/etc'
target_alias=''

## ----------- ##
## confdefs.h. ##
## ----------- ##

/* confdefs.h */
#define PACKAGE_NAME "PR"
#define PACKAGE_TARNAME "pr"
#define PACKAGE_VERSION "0.0.1"
#define PACKAGE_STRING "PR 0.0.1"
#define PACKAGE_BUGREPORT "bugs@bugs.org"
#define PACKAGE_URL ""

configure: exit 1
